[04:01:42] [ServerMain/INFO]: [bootstrap] Running Java 25 (OpenJDK 64-Bit Server VM 25.0.1+8-LTS; Microsoft Microsoft-12574222) on Linux 6.8.0-1030-azure (amd64)
[04:01:42] [ServerMain/INFO]: [bootstrap] Loading Paper 1.21.8-60-main@29c8822 (2025-09-06T21:49:13Z) for Minecraft 1.21.8
[04:01:43] [ServerMain/INFO]: [PluginInitializerManager] Initializing plugins...
[04:01:43] [ServerMain/INFO]: [PluginInitializerManager] Initialized 0 plugins
[04:01:43] [Paper Plugin Remapper Thread - 1/INFO]: [ReobfServer] Remapping server...
[04:01:50] [ServerMain/INFO]: Environment: Environment[sessionHost=https://sessionserver.mojang.com, servicesHost=https://api.minecraftservices.com, name=PROD]
[04:01:50] [ServerMain/INFO]: Found new data pack file/bukkit, loading it automatically
[04:01:50] [ServerMain/INFO]: Found new data pack paper, loading it automatically
[04:01:51] [ServerMain/INFO]: No existing world data, creating new world
[04:01:52] [Paper Plugin Remapper Thread - 1/INFO]: [ReobfServer] Done remapping server in 8743ms.
[04:01:52] [ServerMain/INFO]: Loaded 1407 recipes
[04:01:52] [ServerMain/INFO]: Loaded 1520 advancements
[04:01:52] [ServerMain/INFO]: [ca.spottedleaf.dataconverter.minecraft.datatypes.MCTypeRegistry] Initialising converters for DataConverter...
[04:01:53] [ServerMain/INFO]: [ca.spottedleaf.dataconverter.minecraft.datatypes.MCTypeRegistry] Finished initialising converters for DataConverter in 386.7ms
[04:01:53] [Server thread/INFO]: Starting minecraft server version 1.21.8
[04:01:53] [Server thread/INFO]: Loading properties
[04:01:53] [Server thread/INFO]: This server is running Paper version 1.21.8-60-main@29c8822 (2025-09-06T21:49:13Z) (Implementing API version 1.21.8-R0.1-SNAPSHOT)
[04:01:53] [Server thread/INFO]: [spark] This server bundles the spark profiler. For more information please visit https://docs.papermc.io/paper/profiling
[04:01:53] [Server thread/INFO]: Server Ping Player Sample Count: 12
[04:01:53] [Server thread/INFO]: Using 4 threads for Netty based IO
[04:01:53] [Server thread/INFO]: [MoonriseCommon] Paper is using 1 worker threads, 1 I/O threads
[04:01:53] [Server thread/INFO]: [ChunkTaskScheduler] Chunk system is using population gen parallelism: true
[04:01:54] [Server thread/INFO]: Default game type: SURVIVAL
[04:01:54] [Server thread/INFO]: Generating keypair
[04:01:54] [Server thread/INFO]: Starting Minecraft server on *:25565
[04:01:54] [Server thread/INFO]: Using epoll channel type
[04:01:54] [Server thread/INFO]: Paper: Using libdeflate (Linux x86_64) compression from Velocity.
[04:01:54] [Server thread/INFO]: Paper: Using OpenSSL 3.x.x (Linux x86_64) cipher from Velocity.
[04:01:54] [Server thread/INFO]: Preparing level "world"
[04:02:06] [Server thread/INFO]: Preparing start region for dimension minecraft:overworld
[04:02:06] [Server thread/INFO]: Preparing spawn area: 2%
[04:02:06] [Server thread/INFO]: Preparing spawn area: 2%
[04:02:07] [Server thread/INFO]: Preparing spawn area: 2%
[04:02:07] [Server thread/INFO]: Preparing spawn area: 2%
[04:02:08] [Server thread/INFO]: Preparing spawn area: 8%
[04:02:08] [Server thread/INFO]: Preparing spawn area: 18%
[04:02:09] [Server thread/INFO]: Preparing spawn area: 18%
[04:02:09] [Server thread/INFO]: Preparing spawn area: 18%
[04:02:10] [Server thread/INFO]: Preparing spawn area: 51%
[04:02:10] [Server thread/INFO]: Preparing spawn area: 51%
[04:02:11] [Server thread/INFO]: Preparing spawn area: 59%
[04:02:11] [Server thread/INFO]: Preparing spawn area: 59%
[04:02:12] [Server thread/INFO]: Preparing spawn area: 75%
[04:02:12] [Server thread/INFO]: Time elapsed: 6227 ms
[04:02:12] [Server thread/INFO]: Preparing start region for dimension minecraft:the_nether
[04:02:12] [Server thread/INFO]: Preparing spawn area: 2%
[04:02:13] [Server thread/INFO]: Preparing spawn area: 8%
[04:02:13] [Server thread/INFO]: Preparing spawn area: 36%
[04:02:14] [Server thread/INFO]: Preparing spawn area: 51%
[04:02:14] [Server thread/INFO]: Time elapsed: 1608 ms
[04:02:14] [Server thread/INFO]: Preparing start region for dimension minecraft:the_end
[04:02:14] [Server thread/INFO]: Preparing spawn area: 2%
[04:02:14] [Server thread/INFO]: Preparing spawn area: 51%
[04:02:14] [Server thread/INFO]: Time elapsed: 582 ms
[04:02:14] [Server thread/INFO]: [spark] Starting background profiler...
[04:02:15] [Server thread/INFO]: Done preparing level "world" (20.720s)
[04:02:15] [Server thread/INFO]: Running delayed init tasks
[04:02:15] [Server thread/INFO]: Done (33.071s)! For help, type "help"
[04:02:15] [Server thread/INFO]: *************************************************************************************
[04:02:15] [Server thread/INFO]: This is the first time you're starting this server.
[04:02:15] [Server thread/INFO]: It's recommended you read our 'Getting Started' documentation for guidance.
[04:02:15] [Server thread/INFO]: View this and more helpful information here: https://docs.papermc.io/paper/next-steps
[04:02:15] [Server thread/INFO]: *************************************************************************************
[04:02:15] [Server thread/INFO]: Stopping the server
[04:02:15] [Server thread/INFO]: Stopping server
[04:02:15] [Server thread/INFO]: Saving players
[04:02:15] [Server thread/INFO]: Saving worlds
[04:02:15] [Server thread/INFO]: Saving chunks for level 'ServerLevel[world]'/minecraft:overworld
[04:02:15] [Server thread/INFO]: [ChunkHolderManager] Waiting 60s for chunk system to halt for world 'world'
[04:02:15] [Server thread/INFO]: [ChunkHolderManager] Halted chunk system for world 'world'
[04:02:15] [Server thread/INFO]: [ChunkHolderManager] Saving all chunkholders for world 'world'
[04:02:16] [Server thread/INFO]: [ChunkHolderManager] Saved 841 block chunks, 49 entity chunks, 1 poi chunks in world 'world' in 0.87s
[04:02:16] [Server thread/INFO]: [ChunkHolderManager] Waiting 60s for chunk I/O to halt for world 'world'
[04:02:16] [Server thread/INFO]: [ChunkHolderManager] Halted I/O scheduler for world 'world'
[04:02:16] [Server thread/INFO]: Saving chunks for level 'ServerLevel[world_nether]'/minecraft:the_nether
[04:02:16] [Server thread/INFO]: [ChunkHolderManager] Waiting 60s for chunk system to halt for world 'world_nether'
[04:02:16] [Server thread/INFO]: [ChunkHolderManager] Halted chunk system for world 'world_nether'
[04:02:16] [Server thread/INFO]: [ChunkHolderManager] Saving all chunkholders for world 'world_nether'
[04:02:16] [Server thread/INFO]: [ChunkHolderManager] Saved 841 block chunks, 49 entity chunks, 0 poi chunks in world 'world_nether' in 0.35s
[04:02:16] [Server thread/INFO]: [ChunkHolderManager] Waiting 60s for chunk I/O to halt for world 'world_nether'
[04:02:16] [Server thread/INFO]: [ChunkHolderManager] Halted I/O scheduler for world 'world_nether'
[04:02:16] [Server thread/INFO]: Saving chunks for level 'ServerLevel[world_the_end]'/minecraft:the_end
[04:02:16] [Server thread/INFO]: [ChunkHolderManager] Waiting 60s for chunk system to halt for world 'world_the_end'
[04:02:16] [Server thread/INFO]: [ChunkHolderManager] Halted chunk system for world 'world_the_end'
[04:02:16] [Server thread/INFO]: [ChunkHolderManager] Saving all chunkholders for world 'world_the_end'
[04:02:17] [Server thread/INFO]: [ChunkHolderManager] Saved 841 block chunks, 49 entity chunks, 0 poi chunks in world 'world_the_end' in 0.36s
[04:02:17] [Server thread/INFO]: [ChunkHolderManager] Waiting 60s for chunk I/O to halt for world 'world_the_end'
[04:02:17] [Server thread/INFO]: [ChunkHolderManager] Halted I/O scheduler for world 'world_the_end'
[04:02:17] [Server thread/INFO]: ThreadedAnvilChunkStorage (world): All chunks are saved
[04:02:17] [Server thread/INFO]: ThreadedAnvilChunkStorage (DIM-1): All chunks are saved
[04:02:17] [Server thread/INFO]: ThreadedAnvilChunkStorage (DIM1): All chunks are saved
[04:02:17] [Server thread/INFO]: ThreadedAnvilChunkStorage: All dimensions are saved
[04:02:17] [Server thread/INFO]: Waiting for all RegionFile I/O tasks to complete...
[04:02:17] [Server thread/INFO]: All RegionFile I/O tasks to complete
[04:02:17] [Server thread/INFO]: [MoonriseCommon] Awaiting termination of worker pool for up to 60s...
[04:02:17] [Server thread/INFO]: [MoonriseCommon] Awaiting termination of I/O pool for up to 60s...
